<?xml version="1.0" encoding="UTF-8"?>
<!-- Generated by org.testng.reporters.JUnitXMLReporter -->
<testsuite hostname="narayani" ignored="0" name="Test" tests="4" failures="0" timestamp="2020-06-07T16:14:12 IST" time="0.095" errors="0">
  <testcase name="BrowserAutomation" time="0.009" classname="qaclickacademy.SeleniumTest"/>
  <testcase name="ElememntsUi" time="0.0" classname="qaclickacademy.SeleniumTest"/>
  <testcase name="DeleteTwitter" time="0.001" classname="qaclickacademy.RestAPITest"/>
  <testcase name="PostJira" time="0.0" classname="qaclickacademy.RestAPITest"/>
</testsuite> <!-- Test -->
