<?xml version="1.0" encoding="UTF-8"?>
<testng-results skipped="0" failed="0" ignored="0" total="4" passed="4">
  <reporter-output>
  </reporter-output>
  <suite name="Suite" duration-ms="95" started-at="2020-06-07T16:14:12 IST" finished-at="2020-06-07T16:14:12 IST">
    <groups>
    </groups>
    <test name="Test" duration-ms="95" started-at="2020-06-07T16:14:12 IST" finished-at="2020-06-07T16:14:12 IST">
      <class name="qaclickacademy.RestAPITest">
        <test-method status="PASS" signature="DeleteTwitter()[pri:0, instance:qaclickacademy.RestAPITest@6321e813]" name="DeleteTwitter" duration-ms="1" started-at="2020-06-07T16:14:12 IST" finished-at="2020-06-07T16:14:12 IST">
          <reporter-output>
          </reporter-output>
        </test-method> <!-- DeleteTwitter -->
        <test-method status="PASS" signature="PostJira()[pri:0, instance:qaclickacademy.RestAPITest@6321e813]" name="PostJira" duration-ms="0" started-at="2020-06-07T16:14:12 IST" finished-at="2020-06-07T16:14:12 IST">
          <reporter-output>
          </reporter-output>
        </test-method> <!-- PostJira -->
      </class> <!-- qaclickacademy.RestAPITest -->
      <class name="qaclickacademy.SeleniumTest">
        <test-method status="PASS" signature="BrowserAutomation()[pri:0, instance:qaclickacademy.SeleniumTest@4973813a]" name="BrowserAutomation" duration-ms="9" started-at="2020-06-07T16:14:12 IST" finished-at="2020-06-07T16:14:12 IST">
          <reporter-output>
          </reporter-output>
        </test-method> <!-- BrowserAutomation -->
        <test-method status="PASS" signature="ElememntsUi()[pri:0, instance:qaclickacademy.SeleniumTest@4973813a]" name="ElememntsUi" duration-ms="0" started-at="2020-06-07T16:14:12 IST" finished-at="2020-06-07T16:14:12 IST">
          <reporter-output>
          </reporter-output>
        </test-method> <!-- ElememntsUi -->
      </class> <!-- qaclickacademy.SeleniumTest -->
    </test> <!-- Test -->
  </suite> <!-- Suite -->
</testng-results>
